<?xml version="1.0" encoding="UTF-8"?>
<!-- Generated by org.testng.reporters.JUnitXMLReporter -->
<testsuite ignored="0" hostname="DESKTOP-4SS5V58" failures="0" tests="8" name="Surefire test" time="22.45" errors="0" timestamp="2026-05-14T22:39:28 IST">
  <testcase classname="api.test.dataDrivenTests" name="testPostuser" time="4.696"/>
  <testcase classname="api.test.dataDrivenTests" name="testPostuser" time="1.747"/>
  <testcase classname="api.test.dataDrivenTests" name="testDeleteUser" time="1.837"/>
  <testcase classname="api.test.dataDrivenTests" name="testDeleteUser" time="1.72"/>
  <testcase classname="api.test.userTests" name="testPostUser" time="1.833"/>
  <testcase classname="api.test.userTests" name="testGetUser" time="2.103"/>
  <testcase classname="api.test.userTests" name="testUpdateUser" time="4.335"/>
  <testcase classname="api.test.userTests" name="testDeleteUser" time="1.777"/>
</testsuite> <!-- Surefire test -->
