<?xml version="1.0" encoding="UTF-8"?>
<!-- Generated by org.testng.reporters.JUnitXMLReporter -->
<testsuite ignored="0" hostname="DESKTOP-4SS5V58" failures="0" tests="8" name="UserTest" time="26.216" errors="0" timestamp="2026-05-13T21:35:16 IST">
  <testcase classname="api.test.userTests" name="testPostUser" time="6.691"/>
  <testcase classname="api.test.userTests" name="testGetUser" time="1.889"/>
  <testcase classname="api.test.userTests" name="testUpdateUser" time="4.612"/>
  <testcase classname="api.test.userTests" name="testDeleteUser" time="1.878"/>
  <testcase classname="api.test.dataDrivenTests" name="testPostuser" time="1.888"/>
  <testcase classname="api.test.dataDrivenTests" name="testPostuser" time="2.07"/>
  <testcase classname="api.test.dataDrivenTests" name="testDeleteUser" time="1.859"/>
  <testcase classname="api.test.dataDrivenTests" name="testDeleteUser" time="1.781"/>
</testsuite> <!-- UserTest -->
