<?xml version="1.0" encoding="UTF-8"?>
<!-- Generated by org.testng.reporters.JUnitXMLReporter -->
<testsuite ignored="0" hostname="DESKTOP-4SS5V58" failures="0" tests="4" name="Default test" time="14.458" errors="0" timestamp="2026-05-14T22:30:54 IST">
  <testcase classname="api.test.userTests2" name="testPostUser" time="5.965"/>
  <testcase classname="api.test.userTests2" name="testGetUser" time="1.804"/>
  <testcase classname="api.test.userTests2" name="testUpdateUser" time="4.429"/>
  <testcase classname="api.test.userTests2" name="testDeleteUser" time="1.712"/>
</testsuite> <!-- Default test -->
