<?xml version="1.0" encoding="UTF-8"?>
<!-- Generated by org.testng.reporters.JUnitXMLReporter -->
<testsuite ignored="0" hostname="DESKTOP-4SS5V58" failures="0" tests="8" name="UserTest" time="22.51" errors="0" timestamp="2026-05-14T22:56:52 IST">
  <testcase classname="api.test.userTests" name="testPostUser" time="5.163"/>
  <testcase classname="api.test.userTests" name="testGetUser" time="1.803"/>
  <testcase classname="api.test.userTests" name="testUpdateUser" time="4.458"/>
  <testcase classname="api.test.userTests" name="testDeleteUser" time="1.774"/>
  <testcase classname="api.test.dataDrivenTests" name="testPostuser" time="1.803"/>
  <testcase classname="api.test.dataDrivenTests" name="testPostuser" time="1.834"/>
  <testcase classname="api.test.dataDrivenTests" name="testDeleteUser" time="1.856"/>
  <testcase classname="api.test.dataDrivenTests" name="testDeleteUser" time="1.687"/>
</testsuite> <!-- UserTest -->
