<?xml version="1.0" encoding="UTF-8"?>
<testng-results ignored="0" total="8" passed="8" failed="0" skipped="0">
  <reporter-output>
  </reporter-output>
  <suite started-at="2026-05-14T22:56:29 IST" name="UserSuite" finished-at="2026-05-14T22:56:52 IST" duration-ms="22510">
    <groups>
    </groups>
    <test started-at="2026-05-14T22:56:29 IST" name="UserTest" finished-at="2026-05-14T22:56:52 IST" duration-ms="22510">
      <class name="api.test.dataDrivenTests">
        <test-method signature="testPostuser(java.lang.String,java.lang.String,java.lang.String,java.lang.String,java.lang.String,java.lang.String,java.lang.String)[pri:1, instance:api.test.dataDrivenTests@8f2ef19]" started-at="2026-05-14T22:56:44 IST" name="testPostuser" data-provider="Data" finished-at="2026-05-14T22:56:46 IST" duration-ms="1803" status="PASS">
          <params>
            <param index="0">
              <value>
                <![CDATA[1010]]>
              </value>
            </param>
            <param index="1">
              <value>
                <![CDATA[tUser1]]>
              </value>
            </param>
            <param index="2">
              <value>
                <![CDATA[John]]>
              </value>
            </param>
            <param index="3">
              <value>
                <![CDATA[Canedy]]>
              </value>
            </param>
            <param index="4">
              <value>
                <![CDATA[John@gmail.com]]>
              </value>
            </param>
            <param index="5">
              <value>
                <![CDATA[Canedy@123]]>
              </value>
            </param>
            <param index="6">
              <value>
                <![CDATA[1234567890]]>
              </value>
            </param>
          </params>
          <reporter-output>
          </reporter-output>
        </test-method> <!-- testPostuser -->
        <test-method signature="testPostuser(java.lang.String,java.lang.String,java.lang.String,java.lang.String,java.lang.String,java.lang.String,java.lang.String)[pri:1, instance:api.test.dataDrivenTests@8f2ef19]" started-at="2026-05-14T22:56:46 IST" name="testPostuser" data-provider="Data" finished-at="2026-05-14T22:56:48 IST" duration-ms="1834" status="PASS">
          <params>
            <param index="0">
              <value>
                <![CDATA[1020]]>
              </value>
            </param>
            <param index="1">
              <value>
                <![CDATA[tUser2]]>
              </value>
            </param>
            <param index="2">
              <value>
                <![CDATA[Kim]]>
              </value>
            </param>
            <param index="3">
              <value>
                <![CDATA[Kom]]>
              </value>
            </param>
            <param index="4">
              <value>
                <![CDATA[Kin@gmail.com]]>
              </value>
            </param>
            <param index="5">
              <value>
                <![CDATA[Kom@123]]>
              </value>
            </param>
            <param index="6">
              <value>
                <![CDATA[1234567891]]>
              </value>
            </param>
          </params>
          <reporter-output>
          </reporter-output>
        </test-method> <!-- testPostuser -->
        <test-method signature="testDeleteUser(java.lang.String)[pri:2, instance:api.test.dataDrivenTests@8f2ef19]" started-at="2026-05-14T22:56:48 IST" name="testDeleteUser" data-provider="UserName" finished-at="2026-05-14T22:56:50 IST" duration-ms="1856" status="PASS">
          <params>
            <param index="0">
              <value>
                <![CDATA[tUser1]]>
              </value>
            </param>
          </params>
          <reporter-output>
          </reporter-output>
        </test-method> <!-- testDeleteUser -->
        <test-method signature="testDeleteUser(java.lang.String)[pri:2, instance:api.test.dataDrivenTests@8f2ef19]" started-at="2026-05-14T22:56:50 IST" name="testDeleteUser" data-provider="UserName" finished-at="2026-05-14T22:56:52 IST" duration-ms="1687" status="PASS">
          <params>
            <param index="0">
              <value>
                <![CDATA[tUser2]]>
              </value>
            </param>
          </params>
          <reporter-output>
          </reporter-output>
        </test-method> <!-- testDeleteUser -->
      </class> <!-- api.test.dataDrivenTests -->
      <class name="api.test.userTests">
        <test-method is-config="true" signature="setupData()[pri:0, instance:api.test.userTests@6e9175d8]" started-at="2026-05-14T22:56:29 IST" name="setupData" finished-at="2026-05-14T22:56:29 IST" duration-ms="283" status="PASS">
          <reporter-output>
          </reporter-output>
        </test-method> <!-- setupData -->
        <test-method signature="testPostUser()[pri:1, instance:api.test.userTests@6e9175d8]" started-at="2026-05-14T22:56:29 IST" name="testPostUser" finished-at="2026-05-14T22:56:35 IST" duration-ms="5163" status="PASS">
          <reporter-output>
          </reporter-output>
        </test-method> <!-- testPostUser -->
        <test-method signature="testGetUser()[pri:2, instance:api.test.userTests@6e9175d8]" started-at="2026-05-14T22:56:35 IST" name="testGetUser" finished-at="2026-05-14T22:56:36 IST" duration-ms="1803" status="PASS">
          <reporter-output>
          </reporter-output>
        </test-method> <!-- testGetUser -->
        <test-method signature="testUpdateUser()[pri:3, instance:api.test.userTests@6e9175d8]" started-at="2026-05-14T22:56:36 IST" name="testUpdateUser" finished-at="2026-05-14T22:56:41 IST" duration-ms="4458" status="PASS">
          <reporter-output>
          </reporter-output>
        </test-method> <!-- testUpdateUser -->
        <test-method signature="testDeleteUser()[pri:4, instance:api.test.userTests@6e9175d8]" started-at="2026-05-14T22:56:41 IST" name="testDeleteUser" finished-at="2026-05-14T22:56:43 IST" duration-ms="1774" status="PASS">
          <reporter-output>
          </reporter-output>
        </test-method> <!-- testDeleteUser -->
      </class> <!-- api.test.userTests -->
    </test> <!-- UserTest -->
  </suite> <!-- UserSuite -->
</testng-results>
