<?xml version="1.0" encoding="UTF-8"?>
<testng-results ignored="0" total="4" passed="4" failed="0" skipped="0">
  <reporter-output>
  </reporter-output>
  <suite started-at="2026-05-14T22:30:40 IST" name="Default suite" finished-at="2026-05-14T22:30:54 IST" duration-ms="14458">
    <groups>
    </groups>
    <test started-at="2026-05-14T22:30:40 IST" name="Default test" finished-at="2026-05-14T22:30:54 IST" duration-ms="14458">
      <class name="api.test.userTests2">
        <test-method is-config="true" signature="setupData()[pri:0, instance:api.test.userTests2@79d8407f]" started-at="2026-05-14T22:30:40 IST" name="setupData" finished-at="2026-05-14T22:30:40 IST" duration-ms="438" status="PASS">
          <reporter-output>
          </reporter-output>
        </test-method> <!-- setupData -->
        <test-method signature="testPostUser()[pri:1, instance:api.test.userTests2@79d8407f]" started-at="2026-05-14T22:30:40 IST" name="testPostUser" finished-at="2026-05-14T22:30:46 IST" duration-ms="5965" status="PASS">
          <reporter-output>
          </reporter-output>
        </test-method> <!-- testPostUser -->
        <test-method signature="testGetUser()[pri:2, instance:api.test.userTests2@79d8407f]" started-at="2026-05-14T22:30:46 IST" name="testGetUser" finished-at="2026-05-14T22:30:48 IST" duration-ms="1804" status="PASS">
          <reporter-output>
          </reporter-output>
        </test-method> <!-- testGetUser -->
        <test-method signature="testUpdateUser()[pri:3, instance:api.test.userTests2@79d8407f]" started-at="2026-05-14T22:30:48 IST" name="testUpdateUser" finished-at="2026-05-14T22:30:53 IST" duration-ms="4429" status="PASS">
          <reporter-output>
          </reporter-output>
        </test-method> <!-- testUpdateUser -->
        <test-method signature="testDeleteUser()[pri:4, instance:api.test.userTests2@79d8407f]" started-at="2026-05-14T22:30:53 IST" name="testDeleteUser" finished-at="2026-05-14T22:30:54 IST" duration-ms="1712" status="PASS">
          <reporter-output>
          </reporter-output>
        </test-method> <!-- testDeleteUser -->
      </class> <!-- api.test.userTests2 -->
    </test> <!-- Default test -->
  </suite> <!-- Default suite -->
</testng-results>
