<?xml version="1.0" encoding="UTF-8"?>
<!-- Generated by org.testng.reporters.JUnitReportReporter -->
<testsuite hostname="DESKTOP-4SS5V58" failures="0" tests="4" name="api.test.userTests" time="15.070" errors="0" timestamp="2026-05-13T21:35:16 IST" skipped="0">
  <testcase classname="api.test.userTests" name="testPostUser" time="6.691"/>
  <testcase classname="api.test.userTests" name="testGetUser" time="1.889"/>
  <testcase classname="api.test.userTests" name="testUpdateUser" time="4.612"/>
  <testcase classname="api.test.userTests" name="testDeleteUser" time="1.878"/>
</testsuite> <!-- api.test.userTests -->
