<?xml version="1.0" encoding="UTF-8"?>
<!-- Generated by org.testng.reporters.JUnitReportReporter -->
<testsuite hostname="DESKTOP-4SS5V58" failures="0" tests="4" name="api.test.dataDrivenTests" time="7.598" errors="0" timestamp="2026-05-13T21:35:16 IST" skipped="0">
  <testcase classname="api.test.dataDrivenTests" name="testPostuser" time="2.070"/>
  <testcase classname="api.test.dataDrivenTests" name="testPostuser" time="1.888"/>
  <testcase classname="api.test.dataDrivenTests" name="testDeleteUser" time="1.781"/>
  <testcase classname="api.test.dataDrivenTests" name="testDeleteUser" time="1.859"/>
</testsuite> <!-- api.test.dataDrivenTests -->
