<?xml version="1.0" encoding="UTF-8"?>
<!-- Generated by org.testng.reporters.JUnitReportReporter -->
<testsuite hostname="DESKTOP-4SS5V58" failures="0" tests="4" name="api.test.userTests" time="13.198" errors="0" timestamp="2026-05-14T22:56:52 IST" skipped="0">
  <testcase classname="api.test.userTests" name="testPostUser" time="5.163"/>
  <testcase classname="api.test.userTests" name="testGetUser" time="1.803"/>
  <testcase classname="api.test.userTests" name="testUpdateUser" time="4.458"/>
  <testcase classname="api.test.userTests" name="testDeleteUser" time="1.774"/>
</testsuite> <!-- api.test.userTests -->
