<?xml version="1.0" encoding="UTF-8"?>
<!-- Generated by org.testng.reporters.JUnitReportReporter -->
<testsuite hostname="DESKTOP-4SS5V58" failures="0" tests="4" name="api.test.dataDrivenTests" time="7.180" errors="0" timestamp="2026-05-14T22:56:52 IST" skipped="0">
  <testcase classname="api.test.dataDrivenTests" name="testPostuser" time="1.834"/>
  <testcase classname="api.test.dataDrivenTests" name="testPostuser" time="1.803"/>
  <testcase classname="api.test.dataDrivenTests" name="testDeleteUser" time="1.856"/>
  <testcase classname="api.test.dataDrivenTests" name="testDeleteUser" time="1.687"/>
</testsuite> <!-- api.test.dataDrivenTests -->
